Build started 9/9/2010 10:51:43 PM.
     1>Project "C:\Users\annesam\code\JDokan\DLL\JDokanDLL.vcxproj" on node 2 (build target(s)).
     1>InitializeBuildStatus:
         Touching "Debug\JDokan.unsuccessfulbuild".
       ClCompile:
         All outputs are up-to-date.
         C:\Program Files\Microsoft Visual Studio 10.0\VC\bin\CL.exe /c /I"C:\Program Files\Java\jdk1.7.0\include\win32" /I"C:\Program Files\Java\jdk1.7.0\include" /ZI /nologo /W3 /WX- /Od /Oy- /D WIN32 /D _DEBUG /D _WINDOWS /D _USRDLL /D JDokanDLL_EXPORTS /D _WINDLL /D _UNICODE /D UNICODE /Gm /EHsc /RTC1 /MDd /GS /fp:precise /Zc:wchar_t /Zc:forScope /Yu"StdAfx.h" /Fp"Debug\JDokan.pch" /Fo"Debug\\" /Fd"Debug\vc100.pdb" /Gd /TP /analyze- /errorReport:prompt IDs.cpp
         IDs.cpp
       ManifestResourceCompile:
         All outputs are up-to-date.
       Link:
         C:\Program Files\Microsoft Visual Studio 10.0\VC\bin\link.exe /ERRORREPORT:PROMPT /OUT:"C:\Users\annesam\code\JDokan\DLL\Debug\JDokan.dll" /INCREMENTAL /NOLOGO /LIBPATH:..\..\..\uFuseWin\uFuse\ /LIBPATH:..\..\..\uFuseWin\binary "C:\Program Files\Dokan\DokanLibrary\dokan.lib" kernel32.lib user32.lib gdi32.lib winspool.lib comdlg32.lib advapi32.lib shell32.lib ole32.lib oleaut32.lib uuid.lib odbc32.lib odbccp32.lib /MANIFEST /ManifestFile:"Debug\JDokan.dll.intermediate.manifest" /MANIFESTUAC:"level='asInvoker' uiAccess='false'" /DEBUG /PDB:"C:\Users\annesam\code\JDokan\DLL\Debug\JDokan.pdb" /SUBSYSTEM:WINDOWS /TLBID:1 /DYNAMICBASE /NXCOMPAT /IMPLIB:"C:\Users\annesam\code\JDokan\DLL\Debug\JDokan.lib" /MACHINE:X86 /DLL Debug\JDokan.dll.embed.manifest.res
         Debug\DokanObjUtils.obj
         Debug\IDs.obj
         Debug\JDokanDLL.obj
         Debug\stdafx.obj
         Debug\Utils.obj
            Creating library C:\Users\annesam\code\JDokan\DLL\Debug\JDokan.lib and object C:\Users\annesam\code\JDokan\DLL\Debug\JDokan.exp
       Manifest:
         C:\Program Files\Microsoft SDKs\Windows\v7.0A\bin\mt.exe /nologo /verbose /out:"Debug\JDokan.dll.embed.manifest" /manifest Debug\JDokan.dll.intermediate.manifest
         C:\Program Files\Microsoft SDKs\Windows\v7.0A\bin\rc.exe /nologo /fo"Debug\JDokan.dll.embed.manifest.res" Debug\JDokan_manifest.rc 
       LinkEmbedManifest:
         C:\Program Files\Microsoft Visual Studio 10.0\VC\bin\link.exe /ERRORREPORT:PROMPT /OUT:"C:\Users\annesam\code\JDokan\DLL\Debug\JDokan.dll" /INCREMENTAL /NOLOGO /LIBPATH:..\..\..\uFuseWin\uFuse\ /LIBPATH:..\..\..\uFuseWin\binary "C:\Program Files\Dokan\DokanLibrary\dokan.lib" kernel32.lib user32.lib gdi32.lib winspool.lib comdlg32.lib advapi32.lib shell32.lib ole32.lib oleaut32.lib uuid.lib odbc32.lib odbccp32.lib /MANIFEST /ManifestFile:"Debug\JDokan.dll.intermediate.manifest" /MANIFESTUAC:"level='asInvoker' uiAccess='false'" /DEBUG /PDB:"C:\Users\annesam\code\JDokan\DLL\Debug\JDokan.pdb" /SUBSYSTEM:WINDOWS /TLBID:1 /DYNAMICBASE /NXCOMPAT /IMPLIB:"C:\Users\annesam\code\JDokan\DLL\Debug\JDokan.lib" /MACHINE:X86 /DLL Debug\JDokan.dll.embed.manifest.res
         Debug\DokanObjUtils.obj
         Debug\IDs.obj
         Debug\JDokanDLL.obj
         Debug\stdafx.obj
         Debug\Utils.obj
            Creating library C:\Users\annesam\code\JDokan\DLL\Debug\JDokan.lib and object C:\Users\annesam\code\JDokan\DLL\Debug\JDokan.exp
         JDokanDLL.vcxproj -> C:\Users\annesam\code\JDokan\DLL\Debug\JDokan.dll
       FinalizeBuildStatus:
         Deleting file "Debug\JDokan.unsuccessfulbuild".
         Touching "Debug\JDokan.lastbuildstate".
     1>Done Building Project "C:\Users\annesam\code\JDokan\DLL\JDokanDLL.vcxproj" (build target(s)).

Build succeeded.

Time Elapsed 00:00:02.62
