C:\Users\annesam\code\JDokan\DLL\Debug\cl.command.1.tlog
C:\Users\annesam\code\JDokan\DLL\Debug\CL.read.1.tlog
C:\Users\annesam\code\JDokan\DLL\Debug\CL.write.1.tlog
C:\USERS\ANNESAM\CODE\JDOKAN\DLL\DEBUG\DOKANOBJUTILS.OBJ
C:\USERS\ANNESAM\CODE\JDOKAN\DLL\DEBUG\IDS.OBJ
C:\Users\annesam\code\JDokan\DLL\Debug\JDokan.dll.embed.manifest
C:\USERS\ANNESAM\CODE\JDOKAN\DLL\DEBUG\JDOKAN.DLL.EMBED.MANIFEST.RES
C:\Users\annesam\code\JDokan\DLL\Debug\JDokan.dll.intermediate.manifest
C:\Users\annesam\code\JDokan\DLL\Debug\JDokan.exp
C:\USERS\ANNESAM\CODE\JDOKAN\DLL\DEBUG\JDOKAN.PCH
C:\Users\annesam\code\JDokan\DLL\Debug\JDokan.pdb
C:\Users\annesam\code\JDokan\DLL\Debug\JDokan_manifest.rc
C:\USERS\ANNESAM\CODE\JDOKAN\DLL\DEBUG\JDOKANDLL.OBJ
C:\Users\annesam\code\JDokan\DLL\Debug\link.command.1.tlog
C:\Users\annesam\code\JDokan\DLL\Debug\link.read.1.tlog
C:\Users\annesam\code\JDokan\DLL\Debug\link.write.1.tlog
C:\Users\annesam\code\JDokan\DLL\Debug\link-cvtres.read.1.tlog
C:\Users\annesam\code\JDokan\DLL\Debug\link-cvtres.write.1.tlog
C:\Users\annesam\code\JDokan\DLL\Debug\rc.command.1.tlog
C:\Users\annesam\code\JDokan\DLL\Debug\rc.read.1.tlog
C:\Users\annesam\code\JDokan\DLL\Debug\rc.write.1.tlog
C:\USERS\ANNESAM\CODE\JDOKAN\DLL\DEBUG\STDAFX.OBJ
C:\USERS\ANNESAM\CODE\JDOKAN\DLL\DEBUG\UTILS.OBJ
C:\Users\annesam\code\JDokan\DLL\Debug\vc100.idb
C:\USERS\ANNESAM\CODE\JDOKAN\DLL\DEBUG\VC100.PDB
