C:\Users\annesam\Documents\devel\JDokan\DLL\Release\cl.command.1.tlog
C:\Users\annesam\Documents\devel\JDokan\DLL\Release\CL.read.1.tlog
C:\Users\annesam\Documents\devel\JDokan\DLL\Release\CL.write.1.tlog
C:\USERS\ANNESAM\DOCUMENTS\DEVEL\JDOKAN\DLL\RELEASE\DOKANOBJUTILS.OBJ
C:\USERS\ANNESAM\DOCUMENTS\DEVEL\JDOKAN\DLL\RELEASE\IDS.OBJ
C:\USERS\ANNESAM\DOCUMENTS\DEVEL\JDOKAN\DLL\RELEASE\JDOKAN.DLL
C:\USERS\ANNESAM\DOCUMENTS\DEVEL\JDOKAN\DLL\RELEASE\JDOKAN.DLL.INTERMEDIATE.MANIFEST
C:\Users\annesam\Documents\devel\JDokan\DLL\Release\JDokan.exp
C:\Users\annesam\Documents\devel\JDokan\DLL\Release\JDokan.lib
C:\USERS\ANNESAM\DOCUMENTS\DEVEL\JDOKAN\DLL\RELEASE\JDOKAN.PCH
C:\USERS\ANNESAM\DOCUMENTS\DEVEL\JDOKAN\DLL\RELEASE\JDOKAN.PDB
C:\Users\annesam\Documents\devel\JDokan\DLL\Release\JDokan.write.1.tlog
C:\USERS\ANNESAM\DOCUMENTS\DEVEL\JDOKAN\DLL\RELEASE\JDOKANDLL.OBJ
C:\Users\annesam\Documents\devel\JDokan\DLL\Release\link.command.1.tlog
C:\Users\annesam\Documents\devel\JDokan\DLL\Release\link.read.1.tlog
C:\Users\annesam\Documents\devel\JDokan\DLL\Release\link.write.1.tlog
C:\Users\annesam\Documents\devel\JDokan\DLL\Release\mt.command.1.tlog
C:\Users\annesam\Documents\devel\JDokan\DLL\Release\mt.read.1.tlog
C:\Users\annesam\Documents\devel\JDokan\DLL\Release\mt.write.1.tlog
C:\USERS\ANNESAM\DOCUMENTS\DEVEL\JDOKAN\DLL\RELEASE\STDAFX.OBJ
C:\USERS\ANNESAM\DOCUMENTS\DEVEL\JDOKAN\DLL\RELEASE\UTILS.OBJ
C:\USERS\ANNESAM\DOCUMENTS\DEVEL\JDOKAN\DLL\RELEASE\VC100.PDB
